<?xml version="1.0" encoding="UTF-8"?>
<!-- Generated by org.testng.reporters.JUnitReportReporter -->
<testsuite hostname="MANSINGH" failures="0" tests="2" name="com.eva.vtiger.base.DataProviderConcept" time="0.019" errors="0" timestamp="2023-12-18T22:09:47 IST" skipped="0">
  <testcase classname="com.eva.vtiger.base.DataProviderConcept" name="testMethod" time="0.016"/>
  <system-out/>
  <testcase classname="com.eva.vtiger.base.DataProviderConcept" name="testMethod" time="0.003"/>
  <system-out/>
</testsuite> <!-- com.eva.vtiger.base.DataProviderConcept -->
