<?xml version="1.0" encoding="UTF-8"?>
<!-- Generated by org.testng.reporters.JUnitReportReporter -->
<testsuite hostname="MANSINGH" failures="0" tests="1" name="com.eva.vtiger.testscripts.InventryInvoiceTestScripts" time="37.222" errors="0" timestamp="2023-10-18T00:17:25 IST" skipped="0">
  <testcase classname="com.eva.vtiger.testscripts.InventryInvoiceTestScripts" name="verifyVT006AccountAndContactAddOnInvoiceForm" time="37.222"/>
  <system-out/>
</testsuite> <!-- com.eva.vtiger.testscripts.InventryInvoiceTestScripts -->
