<?xml version="1.0" encoding="UTF-8"?>
<!-- Generated by org.testng.reporters.JUnitReportReporter -->
<testsuite hostname="MANSINGH" failures="0" tests="5" name="com.eva.vtiger.testscripts.MarketingAccountTestScripts" time="153.207" errors="0" timestamp="2023-10-18T00:17:25 IST" skipped="0">
  <testcase classname="com.eva.vtiger.testscripts.MarketingAccountTestScripts" name="verifyVT005AccountEditable" time="29.484"/>
  <system-out/>
  <testcase classname="com.eva.vtiger.testscripts.MarketingAccountTestScripts" name="verifyVT004DuplicateAccount" time="28.067"/>
  <system-out/>
  <testcase classname="com.eva.vtiger.testscripts.MarketingAccountTestScripts" name="verifyVT001CreateAccount" time="33.921"/>
  <system-out/>
  <testcase classname="com.eva.vtiger.testscripts.MarketingAccountTestScripts" name="verifyVT003SearchAccount" time="33.097"/>
  <system-out/>
  <testcase classname="com.eva.vtiger.testscripts.MarketingAccountTestScripts" name="verifyVT002DeleteAccount" time="28.638"/>
  <system-out/>
</testsuite> <!-- com.eva.vtiger.testscripts.MarketingAccountTestScripts -->
