<?xml version="1.0" encoding="UTF-8"?>
<!-- Generated by org.testng.reporters.JUnitReportReporter -->
<testsuite hostname="MANSINGH" failures="0" tests="2" name="com.eva.vtiger.testscripts.TestingTestng" time="15.598" errors="0" timestamp="2023-10-18T00:17:25 IST" skipped="0">
  <testcase classname="com.eva.vtiger.testscripts.TestingTestng" name="test2" time="7.660"/>
  <system-out/>
  <testcase classname="com.eva.vtiger.testscripts.TestingTestng" name="test1" time="7.938"/>
  <system-out/>
</testsuite> <!-- com.eva.vtiger.testscripts.TestingTestng -->
