<?xml version="1.0" encoding="UTF-8"?>
<!-- Generated by org.testng.reporters.JUnitReportReporter -->
<testsuite hostname="MANSINGH" failures="0" tests="3" name="DataProviderConcept" time="0.026" errors="0" timestamp="2023-11-01T23:06:56 IST" skipped="0">
  <testcase classname="DataProviderConcept" name="testMethod" time="0.002"/>
  <system-out/>
  <testcase classname="DataProviderConcept" name="testMethod" time="0.021"/>
  <system-out/>
  <testcase classname="DataProviderConcept" name="testMethod" time="0.003"/>
  <system-out/>
</testsuite> <!-- DataProviderConcept -->
